<?xml version="1.0" encoding="UTF-8"?>
<!-- Generated by org.testng.reporters.JUnitReportReporter -->
<testsuite skipped="0" hostname="JLERONA-LAP" name="com.uiFramework.A" tests="1" failures="0" timestamp="2020-02-19T09:39:20 CST" time="0.393" errors="0">
  <testcase name="testLoginA" time="0.393" classname="com.uiFramework.A"/>
</testsuite> <!-- com.uiFramework.A -->
