<?xml version="1.0" encoding="UTF-8"?>
<!-- Generated by org.testng.reporters.JUnitReportReporter -->
<testsuite skipped="0" hostname="DESKTOP-3NNMNIV" name="com.uiFramework.f13Works.uatProductPro.testScripts.loginPage.LoginTest" tests="1" failures="0" timestamp="2020-02-26T00:21:24 SGT" time="32.226" errors="0">
  <testcase name="testLoginToApplication" time="32.226" classname="com.uiFramework.f13Works.uatProductPro.testScripts.loginPage.LoginTest"/>
</testsuite> <!-- com.uiFramework.f13Works.uatProductPro.testScripts.loginPage.LoginTest -->
