<?xml version="1.0" encoding="UTF-8"?>
<!-- Generated by org.testng.reporters.JUnitReportReporter -->
<testsuite skipped="0" hostname="JLERONA-LAP" name="com.uiFramework.companyName.bhanuProjectName.testScripts.productDetailsPage.VerifyInformationLinkText" tests="1" failures="0" timestamp="2019-11-21T13:48:16 CST" time="0.031" errors="0">
  <testcase name="testVerifyInformationLinkText" time="0.031" classname="com.uiFramework.companyName.bhanuProjectName.testScripts.productDetailsPage.VerifyInformationLinkText"/>
</testsuite> <!-- com.uiFramework.companyName.bhanuProjectName.testScripts.productDetailsPage.VerifyInformationLinkText -->
